Release 14.7 Map P.20131013 (nt)
Xilinx Mapping Report File for Design 'TOP'

Design Information
------------------
Command Line   : map -intstyle ise -p xc3s50an-tqg144-4 -cm area -ir off -pr off
-c 100 -o TOP_map.ncd TOP.ngd TOP.pcf 
Target Device  : xc3s50an
Target Package : tqg144
Target Speed   : -4
Mapper Version : spartan3a -- $Revision: 1.55 $
Mapped Date    : Sun Jul 31 20:17:23 2016

Design Summary
--------------
Number of errors:      0
Number of warnings:    0
Logic Utilization:
  Number of Slice Flip Flops:           968 out of   1,408   68%
  Number of 4 input LUTs:               524 out of   1,408   37%
Logic Distribution:
  Number of occupied Slices:            704 out of     704  100%
    Number of Slices containing only related logic:     704 out of     704 100%
    Number of Slices containing unrelated logic:          0 out of     704   0%
      *See NOTES below for an explanation of the effects of unrelated logic.
  Total Number of 4 input LUTs:         537 out of   1,408   38%
    Number used as logic:               524
    Number used as a route-thru:         13

  The Slice Logic Distribution report is not meaningful if the design is
  over-mapped for a non-slice resource or if Placement fails.

  Number of bonded IOBs:                 65 out of     108   60%
  Number of BUFGMUXs:                     2 out of      24    8%
  Number of DCMs:                         1 out of       2   50%

Average Fanout of Non-Clock Nets:                3.23

Peak Memory Usage:  280 MB
Total REAL time to MAP completion:  1 secs 
Total CPU time to MAP completion:   1 secs 

NOTES:

   Related logic is defined as being logic that shares connectivity - e.g. two
   LUTs are "related" if they share common inputs.  When assembling slices,
   Map gives priority to combine logic that is related.  Doing so results in
   the best timing performance.

   Unrelated logic shares no connectivity.  Map will only begin packing
   unrelated logic into a slice once 99% of the slices are occupied through
   related logic packing.

   Note that once logic distribution reaches the 99% level through related
   logic packing, this does not mean the device is completely utilized.
   Unrelated logic packing will then begin, continuing until all usable LUTs
   and FFs are occupied.  Depending on your timing budget, increased levels of
   unrelated logic packing may adversely affect the overall timing performance
   of your design.

Table of Contents
-----------------
Section 1 - Errors
Section 2 - Warnings
Section 3 - Informational
Section 4 - Removed Logic Summary
Section 5 - Removed Logic
Section 6 - IOB Properties
Section 7 - RPMs
Section 8 - Guide Report
Section 9 - Area Group and Partition Summary
Section 10 - Timing Report
Section 11 - Configuration String Information
Section 12 - Control Set Information
Section 13 - Utilization by Hierarchy

Section 1 - Errors
------------------

Section 2 - Warnings
--------------------

Section 3 - Informational
-------------------------
INFO:MapLib:562 - No environment variables are currently set.
INFO:LIT:244 - All of the single ended outputs in this design are using slew
   rate limited output drivers. The delay on speed critical single ended outputs
   can be dramatically reduced by designating them as fast outputs.
INFO:PhysDesignRules:772 - To achieve optimal frequency synthesis performance
   with the CLKFX and CLKFX180 outputs of the DCM comp C0/DCM_SP_INST, consult
   the device Interactive Data Sheet.

Section 4 - Removed Logic Summary
---------------------------------
   4 block(s) optimized away

Section 5 - Removed Logic
-------------------------

Optimized Block(s):
TYPE 		BLOCK
GND 		C0/XST_GND
GND 		C1/XST_GND
VCC 		C1/XST_VCC
VCC 		C2/XST_VCC

To enable printing of redundant blocks removed and signals merged, set the
detailed map report option and rerun map.

Section 6 - IOB Properties
--------------------------

+-------------------------------------------------------------------------------------------------------------------------------------------------------------------------------+
| IOB Name                           | Type             | Direction | IO Standard          | Diff  | Drive    | Slew    | Reg (s)      | Resistor | IBUF/IFD | SUSPEND          |
|                                    |                  |           |                      | Term  | Strength | Rate    |              |          | Delay    |                  |
+-------------------------------------------------------------------------------------------------------------------------------------------------------------------------------+
| clk_in                             | IBUF             | INPUT     | LVTTL                |       |          |         |              |          | 0 / 0    |                  |
| nixies<0>                          | IOB              | OUTPUT    | LVTTL                |       | 12       | SLOW    |              |          | 0 / 0    | 3STATE           |
| nixies<1>                          | IOB              | OUTPUT    | LVTTL                |       | 12       | SLOW    |              |          | 0 / 0    | 3STATE           |
| nixies<2>                          | IOB              | OUTPUT    | LVTTL                |       | 12       | SLOW    |              |          | 0 / 0    | 3STATE           |
| nixies<3>                          | IOB              | OUTPUT    | LVTTL                |       | 12       | SLOW    |              |          | 0 / 0    | 3STATE           |
| nixies<4>                          | IOB              | OUTPUT    | LVTTL                |       | 12       | SLOW    |              |          | 0 / 0    | 3STATE           |
| nixies<5>                          | IOB              | OUTPUT    | LVTTL                |       | 12       | SLOW    |              |          | 0 / 0    | 3STATE           |
| nixies<6>                          | IOB              | OUTPUT    | LVTTL                |       | 12       | SLOW    |              |          | 0 / 0    | 3STATE           |
| nixies<7>                          | IOB              | OUTPUT    | LVTTL                |       | 12       | SLOW    |              |          | 0 / 0    | 3STATE           |
| nixies<8>                          | IOB              | OUTPUT    | LVTTL                |       | 12       | SLOW    |              |          | 0 / 0    | 3STATE           |
| nixies<9>                          | IOB              | OUTPUT    | LVTTL                |       | 12       | SLOW    |              |          | 0 / 0    | 3STATE           |
| nixies<10>                         | IOB              | OUTPUT    | LVTTL                |       | 12       | SLOW    |              |          | 0 / 0    | 3STATE           |
| nixies<11>                         | IOB              | OUTPUT    | LVTTL                |       | 12       | SLOW    |              |          | 0 / 0    | 3STATE           |
| nixies<12>                         | IOB              | OUTPUT    | LVTTL                |       | 12       | SLOW    |              |          | 0 / 0    | 3STATE           |
| nixies<13>                         | IOB              | OUTPUT    | LVTTL                |       | 12       | SLOW    |              |          | 0 / 0    | 3STATE           |
| nixies<14>                         | IOB              | OUTPUT    | LVTTL                |       | 12       | SLOW    |              |          | 0 / 0    | 3STATE           |
| nixies<15>                         | IOB              | OUTPUT    | LVTTL                |       | 12       | SLOW    |              |          | 0 / 0    | 3STATE           |
| nixies<16>                         | IOB              | OUTPUT    | LVTTL                |       | 12       | SLOW    |              |          | 0 / 0    | 3STATE           |
| nixies<17>                         | IOB              | OUTPUT    | LVTTL                |       | 12       | SLOW    |              |          | 0 / 0    | 3STATE           |
| nixies<18>                         | IOB              | OUTPUT    | LVTTL                |       | 12       | SLOW    |              |          | 0 / 0    | 3STATE           |
| nixies<19>                         | IOB              | OUTPUT    | LVTTL                |       | 12       | SLOW    |              |          | 0 / 0    | 3STATE           |
| nixies<20>                         | IOB              | OUTPUT    | LVTTL                |       | 12       | SLOW    |              |          | 0 / 0    | 3STATE           |
| nixies<21>                         | IOB              | OUTPUT    | LVTTL                |       | 12       | SLOW    |              |          | 0 / 0    | 3STATE           |
| nixies<22>                         | IOB              | OUTPUT    | LVTTL                |       | 12       | SLOW    |              |          | 0 / 0    | 3STATE           |
| nixies<23>                         | IOB              | OUTPUT    | LVTTL                |       | 12       | SLOW    |              |          | 0 / 0    | 3STATE           |
| nixies<24>                         | IOB              | OUTPUT    | LVTTL                |       | 12       | SLOW    |              |          | 0 / 0    | 3STATE           |
| nixies<25>                         | IOB              | OUTPUT    | LVTTL                |       | 12       | SLOW    |              |          | 0 / 0    | 3STATE           |
| nixies<26>                         | IOB              | OUTPUT    | LVTTL                |       | 12       | SLOW    |              |          | 0 / 0    | 3STATE           |
| nixies<27>                         | IOB              | OUTPUT    | LVTTL                |       | 12       | SLOW    |              |          | 0 / 0    | 3STATE           |
| nixies<28>                         | IOB              | OUTPUT    | LVTTL                |       | 12       | SLOW    |              |          | 0 / 0    | 3STATE           |
| nixies<29>                         | IOB              | OUTPUT    | LVTTL                |       | 12       | SLOW    |              |          | 0 / 0    | 3STATE           |
| nixies<30>                         | IOB              | OUTPUT    | LVTTL                |       | 12       | SLOW    |              |          | 0 / 0    | 3STATE           |
| nixies<31>                         | IOB              | OUTPUT    | LVTTL                |       | 12       | SLOW    |              |          | 0 / 0    | 3STATE           |
| nixies<32>                         | IOB              | OUTPUT    | LVTTL                |       | 12       | SLOW    |              |          | 0 / 0    | 3STATE           |
| nixies<33>                         | IOB              | OUTPUT    | LVTTL                |       | 12       | SLOW    |              |          | 0 / 0    | 3STATE           |
| nixies<34>                         | IOB              | OUTPUT    | LVTTL                |       | 12       | SLOW    |              |          | 0 / 0    | 3STATE           |
| nixies<35>                         | IOB              | OUTPUT    | LVTTL                |       | 12       | SLOW    |              |          | 0 / 0    | 3STATE           |
| nixies<36>                         | IOB              | OUTPUT    | LVTTL                |       | 12       | SLOW    |              |          | 0 / 0    | 3STATE           |
| nixies<37>                         | IOB              | OUTPUT    | LVTTL                |       | 12       | SLOW    |              |          | 0 / 0    | 3STATE           |
| nixies<38>                         | IOB              | OUTPUT    | LVTTL                |       | 12       | SLOW    |              |          | 0 / 0    | 3STATE           |
| nixies<39>                         | IOB              | OUTPUT    | LVTTL                |       | 12       | SLOW    |              |          | 0 / 0    | 3STATE           |
| nixies<40>                         | IOB              | OUTPUT    | LVTTL                |       | 12       | SLOW    |              |          | 0 / 0    | 3STATE           |
| nixies<41>                         | IOB              | OUTPUT    | LVTTL                |       | 12       | SLOW    |              |          | 0 / 0    | 3STATE           |
| nixies<42>                         | IOB              | OUTPUT    | LVTTL                |       | 12       | SLOW    |              |          | 0 / 0    | 3STATE           |
| nixies<43>                         | IOB              | OUTPUT    | LVTTL                |       | 12       | SLOW    |              |          | 0 / 0    | 3STATE           |
| nixies<44>                         | IOB              | OUTPUT    | LVTTL                |       | 12       | SLOW    |              |          | 0 / 0    | 3STATE           |
| nixies<45>                         | IOB              | OUTPUT    | LVTTL                |       | 12       | SLOW    |              |          | 0 / 0    | 3STATE           |
| nixies<46>                         | IOB              | OUTPUT    | LVTTL                |       | 12       | SLOW    |              |          | 0 / 0    | 3STATE           |
| nixies<47>                         | IOB              | OUTPUT    | LVTTL                |       | 12       | SLOW    |              |          | 0 / 0    | 3STATE           |
| nixies<48>                         | IOB              | OUTPUT    | LVTTL                |       | 12       | SLOW    |              |          | 0 / 0    | 3STATE           |
| nixies<49>                         | IOB              | OUTPUT    | LVTTL                |       | 12       | SLOW    |              |          | 0 / 0    | 3STATE           |
| nixies<50>                         | IOB              | OUTPUT    | LVTTL                |       | 12       | SLOW    |              |          | 0 / 0    | 3STATE           |
| nixies<51>                         | IOB              | OUTPUT    | LVTTL                |       | 12       | SLOW    |              |          | 0 / 0    | 3STATE           |
| nixies<52>                         | IOB              | OUTPUT    | LVTTL                |       | 12       | SLOW    |              |          | 0 / 0    | 3STATE           |
| nixies<53>                         | IOB              | OUTPUT    | LVTTL                |       | 12       | SLOW    |              |          | 0 / 0    | 3STATE           |
| nixies<54>                         | IOB              | OUTPUT    | LVTTL                |       | 12       | SLOW    |              |          | 0 / 0    | 3STATE           |
| nixies<55>                         | IOB              | OUTPUT    | LVTTL                |       | 12       | SLOW    |              |          | 0 / 0    | 3STATE           |
| nixies<56>                         | IOB              | OUTPUT    | LVTTL                |       | 12       | SLOW    |              |          | 0 / 0    | 3STATE           |
| nixies<57>                         | IOB              | OUTPUT    | LVTTL                |       | 12       | SLOW    |              |          | 0 / 0    | 3STATE           |
| nixies<58>                         | IOB              | OUTPUT    | LVTTL                |       | 12       | SLOW    |              |          | 0 / 0    | 3STATE           |
| nixies<59>                         | IOB              | OUTPUT    | LVTTL                |       | 12       | SLOW    |              |          | 0 / 0    | 3STATE           |
| spi_clk_in                         | IBUF             | INPUT     | LVTTL                |       |          |         |              |          | 0 / 0    |                  |
| spi_miso_out                       | IOB              | OUTPUT    | LVTTL                |       | 12       | SLOW    |              |          | 0 / 0    | 3STATE           |
| spi_mosi_in                        | IBUF             | INPUT     | LVTTL                |       |          |         |              |          | 0 / 0    |                  |
| spi_ncs_in                         | IBUF             | INPUT     | LVTTL                |       |          |         |              |          | 0 / 0    |                  |
+-------------------------------------------------------------------------------------------------------------------------------------------------------------------------------+

Section 7 - RPMs
----------------

Section 8 - Guide Report
------------------------
Guide not run on this design.

Section 9 - Area Group and Partition Summary
--------------------------------------------

Partition Implementation Status
-------------------------------

  No Partitions were found in this design.

-------------------------------

Area Group Information
----------------------

  No area groups were found in this design.

----------------------

Section 10 - Timing Report
--------------------------
This design was not run using timing mode.

Section 11 - Configuration String Details
-----------------------------------------
Use the "-detail" map option to print out Configuration Strings

Section 12 - Control Set Information
------------------------------------
No control set information for this architecture.

Section 13 - Utilization by Hierarchy
-------------------------------------
Use the "-detail" map option to print out the Utilization by Hierarchy section.
